[3.208s] Invoking command in '/home/eswarm/mecanum/build/teleop_mecanum': PYTHONPATH=/home/eswarm/mecanum/build/teleop_mecanum/prefix_override:/usr/lib/python3/dist-packages/colcon_core/task/python/colcon_distutils_commands:/home/eswarm/mecanum/install/teleop_mecanum/lib/python3.10/site-packages:${PYTHONPATH} /usr/bin/python3 -W ignore:setup.py install is deprecated -W ignore:easy_install command is deprecated setup.py develop --editable --build-directory /home/eswarm/mecanum/build/teleop_mecanum/build --no-deps symlink_data --force
[3.740s] /home/eswarm/.local/lib/python3.10/site-packages/setuptools/_distutils/dist.py:289: UserWarning: Unknown distribution option: 'tests_require'
[3.740s]   warnings.warn(msg)
[4.293s] running develop
[5.018s] running egg_info
[5.116s] writing teleop_mecanum.egg-info/PKG-INFO
[5.129s] writing dependency_links to teleop_mecanum.egg-info/dependency_links.txt
[5.130s] writing entry points to teleop_mecanum.egg-info/entry_points.txt
[5.130s] writing requirements to teleop_mecanum.egg-info/requires.txt
[5.131s] writing top-level names to teleop_mecanum.egg-info/top_level.txt
[5.257s] reading manifest file 'teleop_mecanum.egg-info/SOURCES.txt'
[5.262s] writing manifest file 'teleop_mecanum.egg-info/SOURCES.txt'
[5.322s] running build_ext
[5.322s] Creating /home/eswarm/mecanum/install/teleop_mecanum/lib/python3.10/site-packages/teleop-mecanum.egg-link (link to .)
[5.325s] Installing teleop_mecanum script to /home/eswarm/mecanum/install/teleop_mecanum/lib/teleop_mecanum
[5.326s] 
[5.327s] Installed /home/eswarm/mecanum/build/teleop_mecanum
[5.327s] running symlink_data
[5.327s] symbolically linking /home/eswarm/mecanum/build/teleop_mecanum/resource/teleop_mecanum -> /home/eswarm/mecanum/install/teleop_mecanum/share/ament_index/resource_index/packages
[5.328s] symbolically linking /home/eswarm/mecanum/build/teleop_mecanum/package.xml -> /home/eswarm/mecanum/install/teleop_mecanum/share/teleop_mecanum
[5.416s] Invoked command in '/home/eswarm/mecanum/build/teleop_mecanum' returned '0': PYTHONPATH=/home/eswarm/mecanum/build/teleop_mecanum/prefix_override:/usr/lib/python3/dist-packages/colcon_core/task/python/colcon_distutils_commands:/home/eswarm/mecanum/install/teleop_mecanum/lib/python3.10/site-packages:${PYTHONPATH} /usr/bin/python3 -W ignore:setup.py install is deprecated -W ignore:easy_install command is deprecated setup.py develop --editable --build-directory /home/eswarm/mecanum/build/teleop_mecanum/build --no-deps symlink_data --force
