/home/eswarm/mecanum/src/teleop_mecanum/install/teleop_mecanum/lib/python3.10/site-packages/teleop_mecanum/follower_mecanum.py
/home/eswarm/mecanum/src/teleop_mecanum/install/teleop_mecanum/lib/python3.10/site-packages/teleop_mecanum/teleop_mecanum.py
/home/eswarm/mecanum/src/teleop_mecanum/install/teleop_mecanum/lib/python3.10/site-packages/teleop_mecanum/__init__.py
/home/eswarm/mecanum/src/teleop_mecanum/install/teleop_mecanum/lib/python3.10/site-packages/teleop_mecanum/teleop_mecanum_all.py
/home/eswarm/mecanum/src/teleop_mecanum/install/teleop_mecanum/lib/python3.10/site-packages/teleop_mecanum/dualshock_mecanum.py
/home/eswarm/mecanum/src/teleop_mecanum/install/teleop_mecanum/lib/python3.10/site-packages/teleop_mecanum/__pycache__/follower_mecanum.cpython-310.pyc
/home/eswarm/mecanum/src/teleop_mecanum/install/teleop_mecanum/lib/python3.10/site-packages/teleop_mecanum/__pycache__/teleop_mecanum.cpython-310.pyc
/home/eswarm/mecanum/src/teleop_mecanum/install/teleop_mecanum/lib/python3.10/site-packages/teleop_mecanum/__pycache__/__init__.cpython-310.pyc
/home/eswarm/mecanum/src/teleop_mecanum/install/teleop_mecanum/lib/python3.10/site-packages/teleop_mecanum/__pycache__/teleop_mecanum_all.cpython-310.pyc
/home/eswarm/mecanum/src/teleop_mecanum/install/teleop_mecanum/lib/python3.10/site-packages/teleop_mecanum/__pycache__/dualshock_mecanum.cpython-310.pyc
/home/eswarm/mecanum/src/teleop_mecanum/install/teleop_mecanum/share/ament_index/resource_index/packages/teleop_mecanum
/home/eswarm/mecanum/src/teleop_mecanum/install/teleop_mecanum/share/teleop_mecanum/package.xml
/home/eswarm/mecanum/src/teleop_mecanum/install/teleop_mecanum/lib/python3.10/site-packages/teleop_mecanum-0.0.0-py3.10.egg-info/SOURCES.txt
/home/eswarm/mecanum/src/teleop_mecanum/install/teleop_mecanum/lib/python3.10/site-packages/teleop_mecanum-0.0.0-py3.10.egg-info/requires.txt
/home/eswarm/mecanum/src/teleop_mecanum/install/teleop_mecanum/lib/python3.10/site-packages/teleop_mecanum-0.0.0-py3.10.egg-info/PKG-INFO
/home/eswarm/mecanum/src/teleop_mecanum/install/teleop_mecanum/lib/python3.10/site-packages/teleop_mecanum-0.0.0-py3.10.egg-info/entry_points.txt
/home/eswarm/mecanum/src/teleop_mecanum/install/teleop_mecanum/lib/python3.10/site-packages/teleop_mecanum-0.0.0-py3.10.egg-info/top_level.txt
/home/eswarm/mecanum/src/teleop_mecanum/install/teleop_mecanum/lib/python3.10/site-packages/teleop_mecanum-0.0.0-py3.10.egg-info/dependency_links.txt
/home/eswarm/mecanum/src/teleop_mecanum/install/teleop_mecanum/lib/python3.10/site-packages/teleop_mecanum-0.0.0-py3.10.egg-info/zip-safe
/home/eswarm/mecanum/src/teleop_mecanum/install/teleop_mecanum/lib/teleop_mecanum/follower_mecanum
/home/eswarm/mecanum/src/teleop_mecanum/install/teleop_mecanum/lib/teleop_mecanum/teleop_dualshock
/home/eswarm/mecanum/src/teleop_mecanum/install/teleop_mecanum/lib/teleop_mecanum/teleop_mecanum
/home/eswarm/mecanum/src/teleop_mecanum/install/teleop_mecanum/lib/teleop_mecanum/teleop_mecanum_all
