[0.520s] Invoking command in '/home/eswarm/mecanum/src/build/teleop_mecanum': PYTHONPATH=/home/eswarm/mecanum/src/build/teleop_mecanum/prefix_override:/usr/lib/python3/dist-packages/colcon_core/task/python/colcon_distutils_commands:/home/eswarm/mecanum/src/install/teleop_mecanum/lib/python3.10/site-packages:${PYTHONPATH} /usr/bin/python3 -W ignore:setup.py install is deprecated -W ignore:easy_install command is deprecated setup.py develop --uninstall --editable --build-directory /home/eswarm/mecanum/src/build/teleop_mecanum/build
[0.633s] /home/eswarm/.local/lib/python3.10/site-packages/setuptools/_distutils/dist.py:289: UserWarning: Unknown distribution option: 'tests_require'
[0.633s]   warnings.warn(msg)
[0.738s] running develop
[0.895s] Removing /home/eswarm/mecanum/src/install/teleop_mecanum/lib/python3.10/site-packages/teleop-mecanum.egg-link (link to .)
[0.914s] Invoked command in '/home/eswarm/mecanum/src/build/teleop_mecanum' returned '0': PYTHONPATH=/home/eswarm/mecanum/src/build/teleop_mecanum/prefix_override:/usr/lib/python3/dist-packages/colcon_core/task/python/colcon_distutils_commands:/home/eswarm/mecanum/src/install/teleop_mecanum/lib/python3.10/site-packages:${PYTHONPATH} /usr/bin/python3 -W ignore:setup.py install is deprecated -W ignore:easy_install command is deprecated setup.py develop --uninstall --editable --build-directory /home/eswarm/mecanum/src/build/teleop_mecanum/build
[0.915s] Invoking command in '/home/eswarm/mecanum/src/teleop_mecanum': PYTHONPATH=/home/eswarm/mecanum/src/build/teleop_mecanum/prefix_override:/usr/lib/python3/dist-packages/colcon_core/task/python/colcon_distutils_commands:/home/eswarm/mecanum/src/install/teleop_mecanum/lib/python3.10/site-packages:${PYTHONPATH} /usr/bin/python3 -W ignore:setup.py install is deprecated -W ignore:easy_install command is deprecated setup.py egg_info --egg-base ../build/teleop_mecanum build --build-base /home/eswarm/mecanum/src/build/teleop_mecanum/build install --record /home/eswarm/mecanum/src/build/teleop_mecanum/install.log --single-version-externally-managed install_data --force
[1.028s] /home/eswarm/.local/lib/python3.10/site-packages/setuptools/_distutils/dist.py:289: UserWarning: Unknown distribution option: 'tests_require'
[1.028s]   warnings.warn(msg)
[1.090s] running egg_info
[1.100s] writing ../build/teleop_mecanum/teleop_mecanum.egg-info/PKG-INFO
[1.101s] writing dependency_links to ../build/teleop_mecanum/teleop_mecanum.egg-info/dependency_links.txt
[1.101s] writing entry points to ../build/teleop_mecanum/teleop_mecanum.egg-info/entry_points.txt
[1.101s] writing requirements to ../build/teleop_mecanum/teleop_mecanum.egg-info/requires.txt
[1.101s] writing top-level names to ../build/teleop_mecanum/teleop_mecanum.egg-info/top_level.txt
[1.122s] reading manifest file '../build/teleop_mecanum/teleop_mecanum.egg-info/SOURCES.txt'
[1.122s] writing manifest file '../build/teleop_mecanum/teleop_mecanum.egg-info/SOURCES.txt'
[1.123s] running build
[1.123s] running build_py
[1.123s] copying teleop_mecanum/teleop_mecanum.py -> /home/eswarm/mecanum/src/build/teleop_mecanum/build/lib/teleop_mecanum
[1.123s] copying teleop_mecanum/__init__.py -> /home/eswarm/mecanum/src/build/teleop_mecanum/build/lib/teleop_mecanum
[1.123s] copying teleop_mecanum/dualshock_mecanum.py -> /home/eswarm/mecanum/src/build/teleop_mecanum/build/lib/teleop_mecanum
[1.123s] running install
[1.126s] running install_lib
[1.136s] creating /home/eswarm/mecanum/src/install/teleop_mecanum/lib/python3.10/site-packages/teleop_mecanum
[1.136s] copying /home/eswarm/mecanum/src/build/teleop_mecanum/build/lib/teleop_mecanum/teleop_mecanum.py -> /home/eswarm/mecanum/src/install/teleop_mecanum/lib/python3.10/site-packages/teleop_mecanum
[1.136s] copying /home/eswarm/mecanum/src/build/teleop_mecanum/build/lib/teleop_mecanum/__init__.py -> /home/eswarm/mecanum/src/install/teleop_mecanum/lib/python3.10/site-packages/teleop_mecanum
[1.136s] copying /home/eswarm/mecanum/src/build/teleop_mecanum/build/lib/teleop_mecanum/dualshock_mecanum.py -> /home/eswarm/mecanum/src/install/teleop_mecanum/lib/python3.10/site-packages/teleop_mecanum
[1.137s] byte-compiling /home/eswarm/mecanum/src/install/teleop_mecanum/lib/python3.10/site-packages/teleop_mecanum/teleop_mecanum.py to teleop_mecanum.cpython-310.pyc
[1.137s] byte-compiling /home/eswarm/mecanum/src/install/teleop_mecanum/lib/python3.10/site-packages/teleop_mecanum/__init__.py to __init__.cpython-310.pyc
[1.137s] byte-compiling /home/eswarm/mecanum/src/install/teleop_mecanum/lib/python3.10/site-packages/teleop_mecanum/dualshock_mecanum.py to dualshock_mecanum.cpython-310.pyc
[1.138s] running install_data
[1.138s] copying resource/teleop_mecanum -> /home/eswarm/mecanum/src/install/teleop_mecanum/share/ament_index/resource_index/packages
[1.138s] copying package.xml -> /home/eswarm/mecanum/src/install/teleop_mecanum/share/teleop_mecanum
[1.138s] running install_egg_info
[1.149s] Copying ../build/teleop_mecanum/teleop_mecanum.egg-info to /home/eswarm/mecanum/src/install/teleop_mecanum/lib/python3.10/site-packages/teleop_mecanum-0.0.0-py3.10.egg-info
[1.150s] running install_scripts
[1.239s] Installing teleop_dualshock script to /home/eswarm/mecanum/src/install/teleop_mecanum/lib/teleop_mecanum
[1.239s] Installing teleop_mecanum script to /home/eswarm/mecanum/src/install/teleop_mecanum/lib/teleop_mecanum
[1.239s] writing list of installed files to '/home/eswarm/mecanum/src/build/teleop_mecanum/install.log'
[1.256s] Invoked command in '/home/eswarm/mecanum/src/teleop_mecanum' returned '0': PYTHONPATH=/home/eswarm/mecanum/src/build/teleop_mecanum/prefix_override:/usr/lib/python3/dist-packages/colcon_core/task/python/colcon_distutils_commands:/home/eswarm/mecanum/src/install/teleop_mecanum/lib/python3.10/site-packages:${PYTHONPATH} /usr/bin/python3 -W ignore:setup.py install is deprecated -W ignore:easy_install command is deprecated setup.py egg_info --egg-base ../build/teleop_mecanum build --build-base /home/eswarm/mecanum/src/build/teleop_mecanum/build install --record /home/eswarm/mecanum/src/build/teleop_mecanum/install.log --single-version-externally-managed install_data --force
