running egg_info
creating build/teleop_mecanum/teleop_mecanum.egg-info
writing build/teleop_mecanum/teleop_mecanum.egg-info/PKG-INFO
writing dependency_links to build/teleop_mecanum/teleop_mecanum.egg-info/dependency_links.txt
writing entry points to build/teleop_mecanum/teleop_mecanum.egg-info/entry_points.txt
writing requirements to build/teleop_mecanum/teleop_mecanum.egg-info/requires.txt
writing top-level names to build/teleop_mecanum/teleop_mecanum.egg-info/top_level.txt
writing manifest file 'build/teleop_mecanum/teleop_mecanum.egg-info/SOURCES.txt'
reading manifest file 'build/teleop_mecanum/teleop_mecanum.egg-info/SOURCES.txt'
writing manifest file 'build/teleop_mecanum/teleop_mecanum.egg-info/SOURCES.txt'
running build
running build_py
creating /home/eswarm/mecanum/src/teleop_mecanum/build/teleop_mecanum/build/lib/teleop_mecanum
copying teleop_mecanum/teleop_mecanum.py -> /home/eswarm/mecanum/src/teleop_mecanum/build/teleop_mecanum/build/lib/teleop_mecanum
copying teleop_mecanum/__init__.py -> /home/eswarm/mecanum/src/teleop_mecanum/build/teleop_mecanum/build/lib/teleop_mecanum
running install
running install_lib
creating /home/eswarm/mecanum/src/teleop_mecanum/install/teleop_mecanum/lib/python3.10/site-packages/teleop_mecanum
copying /home/eswarm/mecanum/src/teleop_mecanum/build/teleop_mecanum/build/lib/teleop_mecanum/teleop_mecanum.py -> /home/eswarm/mecanum/src/teleop_mecanum/install/teleop_mecanum/lib/python3.10/site-packages/teleop_mecanum
copying /home/eswarm/mecanum/src/teleop_mecanum/build/teleop_mecanum/build/lib/teleop_mecanum/__init__.py -> /home/eswarm/mecanum/src/teleop_mecanum/install/teleop_mecanum/lib/python3.10/site-packages/teleop_mecanum
byte-compiling /home/eswarm/mecanum/src/teleop_mecanum/install/teleop_mecanum/lib/python3.10/site-packages/teleop_mecanum/teleop_mecanum.py to teleop_mecanum.cpython-310.pyc
byte-compiling /home/eswarm/mecanum/src/teleop_mecanum/install/teleop_mecanum/lib/python3.10/site-packages/teleop_mecanum/__init__.py to __init__.cpython-310.pyc
running install_data
creating /home/eswarm/mecanum/src/teleop_mecanum/install/teleop_mecanum/share/ament_index/resource_index/packages
copying resource/teleop_mecanum -> /home/eswarm/mecanum/src/teleop_mecanum/install/teleop_mecanum/share/ament_index/resource_index/packages
copying package.xml -> /home/eswarm/mecanum/src/teleop_mecanum/install/teleop_mecanum/share/teleop_mecanum
running install_egg_info
Copying build/teleop_mecanum/teleop_mecanum.egg-info to /home/eswarm/mecanum/src/teleop_mecanum/install/teleop_mecanum/lib/python3.10/site-packages/teleop_mecanum-0.0.1-py3.10.egg-info
running install_scripts
Installing teleop_mecanum script to /home/eswarm/mecanum/src/teleop_mecanum/install/teleop_mecanum/lib/teleop_mecanum
writing list of installed files to '/home/eswarm/mecanum/src/teleop_mecanum/build/teleop_mecanum/install.log'
