[0.273s] DEBUG:colcon:Command line arguments: ['/usr/bin/colcon', 'build', '--packages-select', 'teleop_mecanum']
[0.273s] DEBUG:colcon:Parsed command line arguments: Namespace(log_base=None, log_level=None, verb_name='build', build_base='build', install_base='install', merge_install=False, symlink_install=False, test_result_base=None, continue_on_error=False, executor='parallel', parallel_workers=12, event_handlers=None, ignore_user_meta=False, metas=['./colcon.meta'], base_paths=['.'], packages_ignore=None, packages_ignore_regex=None, paths=None, packages_up_to=None, packages_up_to_regex=None, packages_above=None, packages_above_and_dependencies=None, packages_above_depth=None, packages_select_by_dep=None, packages_skip_by_dep=None, packages_skip_up_to=None, packages_select_build_failed=False, packages_skip_build_finished=False, packages_select_test_failures=False, packages_skip_test_passed=False, packages_select=['teleop_mecanum'], packages_skip=None, packages_select_regex=None, packages_skip_regex=None, packages_start=None, packages_end=None, allow_overriding=[], cmake_args=None, cmake_target=None, cmake_target_skip_unavailable=False, cmake_clean_cache=False, cmake_clean_first=False, cmake_force_configure=False, ament_cmake_args=None, catkin_cmake_args=None, catkin_skip_building_tests=False, mixin_files=None, mixin=None, verb_parser=<colcon_mixin.mixin.mixin_argument.MixinArgumentDecorator object at 0x716738ffa050>, verb_extension=<colcon_core.verb.build.BuildVerb object at 0x716738ff9ba0>, main=<bound method BuildVerb.main of <colcon_core.verb.build.BuildVerb object at 0x716738ff9ba0>>, mixin_verb=('build',))
[0.416s] Level 1:colcon.colcon_core.package_discovery:discover_packages(colcon_meta) check parameters
[0.416s] Level 1:colcon.colcon_core.package_discovery:discover_packages(recursive) check parameters
[0.416s] Level 1:colcon.colcon_core.package_discovery:discover_packages(ignore) check parameters
[0.417s] Level 1:colcon.colcon_core.package_discovery:discover_packages(path) check parameters
[0.417s] Level 1:colcon.colcon_core.package_discovery:discover_packages(colcon_meta) discover
[0.417s] Level 1:colcon.colcon_core.package_discovery:discover_packages(recursive) discover
[0.417s] INFO:colcon.colcon_core.package_discovery:Crawling recursively for packages in '/home/eswarm/mecanum'
[0.417s] Level 1:colcon.colcon_core.package_identification:_identify(.) by extensions ['ignore', 'ignore_ament_install']
[0.417s] Level 1:colcon.colcon_core.package_identification:_identify(.) by extension 'ignore'
[0.417s] Level 1:colcon.colcon_core.package_identification:_identify(.) by extension 'ignore_ament_install'
[0.417s] Level 1:colcon.colcon_core.package_identification:_identify(.) by extensions ['colcon_pkg']
[0.417s] Level 1:colcon.colcon_core.package_identification:_identify(.) by extension 'colcon_pkg'
[0.418s] Level 1:colcon.colcon_core.package_identification:_identify(.) by extensions ['colcon_meta']
[0.418s] Level 1:colcon.colcon_core.package_identification:_identify(.) by extension 'colcon_meta'
[0.418s] Level 1:colcon.colcon_core.package_identification:_identify(.) by extensions ['ros']
[0.419s] Level 1:colcon.colcon_core.package_identification:_identify(.) by extension 'ros'
[0.475s] Level 1:colcon.colcon_core.package_identification:_identify(.) by extensions ['cmake', 'python']
[0.476s] Level 1:colcon.colcon_core.package_identification:_identify(.) by extension 'cmake'
[0.476s] Level 1:colcon.colcon_core.package_identification:_identify(.) by extension 'python'
[0.476s] Level 1:colcon.colcon_core.package_identification:_identify(.) by extensions ['python_setup_py']
[0.476s] Level 1:colcon.colcon_core.package_identification:_identify(.) by extension 'python_setup_py'
[0.476s] Level 1:colcon.colcon_core.package_identification:_identify(build) by extensions ['ignore', 'ignore_ament_install']
[0.477s] Level 1:colcon.colcon_core.package_identification:_identify(build) by extension 'ignore'
[0.477s] Level 1:colcon.colcon_core.package_identification:_identify(build) ignored
[0.477s] Level 1:colcon.colcon_core.package_identification:_identify(install) by extensions ['ignore', 'ignore_ament_install']
[0.477s] Level 1:colcon.colcon_core.package_identification:_identify(install) by extension 'ignore'
[0.478s] Level 1:colcon.colcon_core.package_identification:_identify(install) ignored
[0.478s] Level 1:colcon.colcon_core.package_identification:_identify(log) by extensions ['ignore', 'ignore_ament_install']
[0.478s] Level 1:colcon.colcon_core.package_identification:_identify(log) by extension 'ignore'
[0.479s] Level 1:colcon.colcon_core.package_identification:_identify(log) ignored
[0.479s] Level 1:colcon.colcon_core.package_identification:_identify(src) by extensions ['ignore', 'ignore_ament_install']
[0.479s] Level 1:colcon.colcon_core.package_identification:_identify(src) by extension 'ignore'
[0.479s] Level 1:colcon.colcon_core.package_identification:_identify(src) by extension 'ignore_ament_install'
[0.480s] Level 1:colcon.colcon_core.package_identification:_identify(src) by extensions ['colcon_pkg']
[0.480s] Level 1:colcon.colcon_core.package_identification:_identify(src) by extension 'colcon_pkg'
[0.480s] Level 1:colcon.colcon_core.package_identification:_identify(src) by extensions ['colcon_meta']
[0.480s] Level 1:colcon.colcon_core.package_identification:_identify(src) by extension 'colcon_meta'
[0.480s] Level 1:colcon.colcon_core.package_identification:_identify(src) by extensions ['ros']
[0.480s] Level 1:colcon.colcon_core.package_identification:_identify(src) by extension 'ros'
[0.481s] Level 1:colcon.colcon_core.package_identification:_identify(src) by extensions ['cmake', 'python']
[0.481s] Level 1:colcon.colcon_core.package_identification:_identify(src) by extension 'cmake'
[0.481s] Level 1:colcon.colcon_core.package_identification:_identify(src) by extension 'python'
[0.481s] Level 1:colcon.colcon_core.package_identification:_identify(src) by extensions ['python_setup_py']
[0.481s] Level 1:colcon.colcon_core.package_identification:_identify(src) by extension 'python_setup_py'
[0.482s] Level 1:colcon.colcon_core.package_identification:_identify(src/teleop_mecanum) by extensions ['ignore', 'ignore_ament_install']
[0.482s] Level 1:colcon.colcon_core.package_identification:_identify(src/teleop_mecanum) by extension 'ignore'
[0.483s] Level 1:colcon.colcon_core.package_identification:_identify(src/teleop_mecanum) by extension 'ignore_ament_install'
[0.483s] Level 1:colcon.colcon_core.package_identification:_identify(src/teleop_mecanum) by extensions ['colcon_pkg']
[0.483s] Level 1:colcon.colcon_core.package_identification:_identify(src/teleop_mecanum) by extension 'colcon_pkg'
[0.483s] Level 1:colcon.colcon_core.package_identification:_identify(src/teleop_mecanum) by extensions ['colcon_meta']
[0.483s] Level 1:colcon.colcon_core.package_identification:_identify(src/teleop_mecanum) by extension 'colcon_meta'
[0.483s] Level 1:colcon.colcon_core.package_identification:_identify(src/teleop_mecanum) by extensions ['ros']
[0.483s] Level 1:colcon.colcon_core.package_identification:_identify(src/teleop_mecanum) by extension 'ros'
[0.495s] DEBUG:colcon.colcon_core.package_identification:Package 'src/teleop_mecanum' with type 'ros.ament_python' and name 'teleop_mecanum'
[0.495s] Level 1:colcon.colcon_core.package_discovery:discover_packages(recursive) using defaults
[0.495s] Level 1:colcon.colcon_core.package_discovery:discover_packages(ignore) discover
[0.495s] Level 1:colcon.colcon_core.package_discovery:discover_packages(ignore) using defaults
[0.495s] Level 1:colcon.colcon_core.package_discovery:discover_packages(path) discover
[0.496s] Level 1:colcon.colcon_core.package_discovery:discover_packages(path) using defaults
[0.576s] Level 1:colcon.colcon_core.package_discovery:discover_packages(prefix_path) check parameters
[0.577s] Level 1:colcon.colcon_core.package_discovery:discover_packages(prefix_path) discover
[0.580s] WARNING:colcon.colcon_ros.prefix_path.ament:The path '/home/eswarm/mecanum/install/teleop_mecanum' in the environment variable AMENT_PREFIX_PATH doesn't exist
[0.586s] DEBUG:colcon.colcon_installed_package_information.package_discovery:Found 0 installed packages in /home/eswarm/mecanum/install
[0.587s] DEBUG:colcon.colcon_installed_package_information.package_discovery:Found 1 installed packages in /home/eswarm/mecanum/src/teleop_mecanum/install
[0.587s] DEBUG:colcon.colcon_installed_package_information.package_discovery:Found 5 installed packages in /home/eswarm/ros2_ws/install
[0.588s] DEBUG:colcon.colcon_installed_package_information.package_discovery:Found 15 installed packages in /home/eswarm/crazyflie_mapping_demo/ros2_ws/install
[0.593s] DEBUG:colcon.colcon_installed_package_information.package_discovery:Found 15 installed packages in /home/eswarm/crazyflie_mapping_demo/ros2_ws/src/install
[0.598s] DEBUG:colcon.colcon_installed_package_information.package_discovery:Found 1 installed packages in /home/eswarm/install
[0.600s] DEBUG:colcon.colcon_installed_package_information.package_discovery:Found 476 installed packages in /opt/ros/humble
[0.605s] Level 1:colcon.colcon_core.package_discovery:discover_packages(prefix_path) using defaults
[0.715s] Level 5:colcon.colcon_core.verb:set package 'teleop_mecanum' build argument 'cmake_args' from command line to 'None'
[0.715s] Level 5:colcon.colcon_core.verb:set package 'teleop_mecanum' build argument 'cmake_target' from command line to 'None'
[0.715s] Level 5:colcon.colcon_core.verb:set package 'teleop_mecanum' build argument 'cmake_target_skip_unavailable' from command line to 'False'
[0.715s] Level 5:colcon.colcon_core.verb:set package 'teleop_mecanum' build argument 'cmake_clean_cache' from command line to 'False'
[0.715s] Level 5:colcon.colcon_core.verb:set package 'teleop_mecanum' build argument 'cmake_clean_first' from command line to 'False'
[0.715s] Level 5:colcon.colcon_core.verb:set package 'teleop_mecanum' build argument 'cmake_force_configure' from command line to 'False'
[0.715s] Level 5:colcon.colcon_core.verb:set package 'teleop_mecanum' build argument 'ament_cmake_args' from command line to 'None'
[0.715s] Level 5:colcon.colcon_core.verb:set package 'teleop_mecanum' build argument 'catkin_cmake_args' from command line to 'None'
[0.715s] Level 5:colcon.colcon_core.verb:set package 'teleop_mecanum' build argument 'catkin_skip_building_tests' from command line to 'False'
[0.716s] DEBUG:colcon.colcon_core.verb:Building package 'teleop_mecanum' with the following arguments: {'ament_cmake_args': None, 'build_base': '/home/eswarm/mecanum/build/teleop_mecanum', 'catkin_cmake_args': None, 'catkin_skip_building_tests': False, 'cmake_args': None, 'cmake_clean_cache': False, 'cmake_clean_first': False, 'cmake_force_configure': False, 'cmake_target': None, 'cmake_target_skip_unavailable': False, 'install_base': '/home/eswarm/mecanum/install/teleop_mecanum', 'merge_install': False, 'path': '/home/eswarm/mecanum/src/teleop_mecanum', 'symlink_install': False, 'test_result_base': None}
[0.716s] INFO:colcon.colcon_core.executor:Executing jobs using 'parallel' executor
[0.719s] DEBUG:colcon.colcon_parallel_executor.executor.parallel:run_until_complete
[0.720s] INFO:colcon.colcon_ros.task.ament_python.build:Building ROS package in '/home/eswarm/mecanum/src/teleop_mecanum' with build type 'ament_python'
[0.720s] Level 1:colcon.colcon_core.shell:create_environment_hook('teleop_mecanum', 'ament_prefix_path')
[0.726s] INFO:colcon.colcon_core.plugin_system:Skipping extension 'colcon_core.shell.bat': Not used on non-Windows systems
[0.726s] INFO:colcon.colcon_core.shell:Creating environment hook '/home/eswarm/mecanum/install/teleop_mecanum/share/teleop_mecanum/hook/ament_prefix_path.ps1'
[0.728s] INFO:colcon.colcon_core.shell:Creating environment descriptor '/home/eswarm/mecanum/install/teleop_mecanum/share/teleop_mecanum/hook/ament_prefix_path.dsv'
[0.729s] INFO:colcon.colcon_core.shell:Creating environment hook '/home/eswarm/mecanum/install/teleop_mecanum/share/teleop_mecanum/hook/ament_prefix_path.sh'
[0.730s] INFO:colcon.colcon_core.shell:Skip shell extension 'powershell' for command environment: Not usable outside of PowerShell
[0.730s] DEBUG:colcon.colcon_core.shell:Skip shell extension 'dsv' for command environment
[1.449s] INFO:colcon.colcon_core.task.python.build:Building Python package in '/home/eswarm/mecanum/src/teleop_mecanum'
[1.450s] INFO:colcon.colcon_core.shell:Skip shell extension 'powershell' for command environment: Not usable outside of PowerShell
[1.450s] DEBUG:colcon.colcon_core.shell:Skip shell extension 'dsv' for command environment
[4.006s] DEBUG:colcon.colcon_core.event_handler.log_command:Invoking command in '/home/eswarm/mecanum/src/teleop_mecanum': PYTHONPATH=/home/eswarm/mecanum/build/teleop_mecanum/prefix_override:/usr/lib/python3/dist-packages/colcon_core/task/python/colcon_distutils_commands:/home/eswarm/mecanum/install/teleop_mecanum/lib/python3.10/site-packages:${PYTHONPATH} /usr/bin/python3 -W ignore:setup.py install is deprecated -W ignore:easy_install command is deprecated setup.py egg_info --egg-base ../../build/teleop_mecanum build --build-base /home/eswarm/mecanum/build/teleop_mecanum/build install --record /home/eswarm/mecanum/build/teleop_mecanum/install.log --single-version-externally-managed install_data
[6.026s] DEBUG:colcon.colcon_core.event_handler.log_command:Invoked command in '/home/eswarm/mecanum/src/teleop_mecanum' returned '0': PYTHONPATH=/home/eswarm/mecanum/build/teleop_mecanum/prefix_override:/usr/lib/python3/dist-packages/colcon_core/task/python/colcon_distutils_commands:/home/eswarm/mecanum/install/teleop_mecanum/lib/python3.10/site-packages:${PYTHONPATH} /usr/bin/python3 -W ignore:setup.py install is deprecated -W ignore:easy_install command is deprecated setup.py egg_info --egg-base ../../build/teleop_mecanum build --build-base /home/eswarm/mecanum/build/teleop_mecanum/build install --record /home/eswarm/mecanum/build/teleop_mecanum/install.log --single-version-externally-managed install_data
[6.031s] Level 1:colcon.colcon_core.environment:checking '/home/eswarm/mecanum/install/teleop_mecanum' for CMake module files
[6.031s] Level 1:colcon.colcon_core.environment:checking '/home/eswarm/mecanum/install/teleop_mecanum' for CMake config files
[6.032s] Level 1:colcon.colcon_core.environment:checking '/home/eswarm/mecanum/install/teleop_mecanum/lib'
[6.032s] Level 1:colcon.colcon_core.environment:checking '/home/eswarm/mecanum/install/teleop_mecanum/bin'
[6.032s] Level 1:colcon.colcon_core.environment:checking '/home/eswarm/mecanum/install/teleop_mecanum/lib/pkgconfig/teleop_mecanum.pc'
[6.033s] Level 1:colcon.colcon_core.environment:checking '/home/eswarm/mecanum/install/teleop_mecanum/lib/python3.10/site-packages'
[6.033s] Level 1:colcon.colcon_core.shell:create_environment_hook('teleop_mecanum', 'pythonpath')
[6.033s] INFO:colcon.colcon_core.shell:Creating environment hook '/home/eswarm/mecanum/install/teleop_mecanum/share/teleop_mecanum/hook/pythonpath.ps1'
[6.034s] INFO:colcon.colcon_core.shell:Creating environment descriptor '/home/eswarm/mecanum/install/teleop_mecanum/share/teleop_mecanum/hook/pythonpath.dsv'
[6.034s] INFO:colcon.colcon_core.shell:Creating environment hook '/home/eswarm/mecanum/install/teleop_mecanum/share/teleop_mecanum/hook/pythonpath.sh'
[6.035s] Level 1:colcon.colcon_core.environment:checking '/home/eswarm/mecanum/install/teleop_mecanum/bin'
[6.035s] Level 1:colcon.colcon_core.environment:create_environment_scripts_only(teleop_mecanum)
[6.035s] INFO:colcon.colcon_core.shell:Creating package script '/home/eswarm/mecanum/install/teleop_mecanum/share/teleop_mecanum/package.ps1'
[6.036s] INFO:colcon.colcon_core.shell:Creating package descriptor '/home/eswarm/mecanum/install/teleop_mecanum/share/teleop_mecanum/package.dsv'
[6.037s] INFO:colcon.colcon_core.shell:Creating package script '/home/eswarm/mecanum/install/teleop_mecanum/share/teleop_mecanum/package.sh'
[6.038s] INFO:colcon.colcon_core.shell:Creating package script '/home/eswarm/mecanum/install/teleop_mecanum/share/teleop_mecanum/package.bash'
[6.039s] INFO:colcon.colcon_core.shell:Creating package script '/home/eswarm/mecanum/install/teleop_mecanum/share/teleop_mecanum/package.zsh'
[6.040s] Level 1:colcon.colcon_core.environment:create_file_with_runtime_dependencies(/home/eswarm/mecanum/install/teleop_mecanum/share/colcon-core/packages/teleop_mecanum)
[6.041s] DEBUG:colcon.colcon_parallel_executor.executor.parallel:closing loop
[6.041s] DEBUG:colcon.colcon_parallel_executor.executor.parallel:loop closed
[6.042s] DEBUG:colcon.colcon_parallel_executor.executor.parallel:run_until_complete finished with '0'
[6.042s] DEBUG:colcon.colcon_core.event_reactor:joining thread
[6.056s] INFO:colcon.colcon_core.plugin_system:Skipping extension 'colcon_notification.desktop_notification.terminal_notifier': Not used on non-Darwin systems
[6.056s] INFO:colcon.colcon_core.plugin_system:Skipping extension 'colcon_notification.desktop_notification.win32': Not used on non-Windows systems
[6.057s] INFO:colcon.colcon_notification.desktop_notification:Sending desktop notification using 'notify2'
[6.088s] DEBUG:colcon.colcon_core.event_reactor:joined thread
[6.089s] INFO:colcon.colcon_core.shell:Creating prefix script '/home/eswarm/mecanum/install/local_setup.ps1'
[6.090s] INFO:colcon.colcon_core.shell:Creating prefix util module '/home/eswarm/mecanum/install/_local_setup_util_ps1.py'
[6.093s] INFO:colcon.colcon_core.shell:Creating prefix chain script '/home/eswarm/mecanum/install/setup.ps1'
[6.096s] INFO:colcon.colcon_core.shell:Creating prefix script '/home/eswarm/mecanum/install/local_setup.sh'
[6.098s] INFO:colcon.colcon_core.shell:Creating prefix util module '/home/eswarm/mecanum/install/_local_setup_util_sh.py'
[6.099s] INFO:colcon.colcon_core.shell:Creating prefix chain script '/home/eswarm/mecanum/install/setup.sh'
[6.103s] INFO:colcon.colcon_core.shell:Creating prefix script '/home/eswarm/mecanum/install/local_setup.bash'
[6.104s] INFO:colcon.colcon_core.shell:Creating prefix chain script '/home/eswarm/mecanum/install/setup.bash'
[6.108s] INFO:colcon.colcon_core.shell:Creating prefix script '/home/eswarm/mecanum/install/local_setup.zsh'
[6.109s] INFO:colcon.colcon_core.shell:Creating prefix chain script '/home/eswarm/mecanum/install/setup.zsh'
