[0.550s] Invoking command in '/home/eswarm/mecanum/src/build/teleop_mecanum': PYTHONPATH=/home/eswarm/mecanum/src/build/teleop_mecanum/prefix_override:/usr/lib/python3/dist-packages/colcon_core/task/python/colcon_distutils_commands:/home/eswarm/mecanum/src/install/teleop_mecanum/lib/python3.10/site-packages:${PYTHONPATH} /usr/bin/python3 -W ignore:setup.py install is deprecated -W ignore:easy_install command is deprecated setup.py develop --editable --build-directory /home/eswarm/mecanum/src/build/teleop_mecanum/build --no-deps symlink_data
[0.676s] /home/eswarm/.local/lib/python3.10/site-packages/setuptools/_distutils/dist.py:289: UserWarning: Unknown distribution option: 'tests_require'
[0.676s]   warnings.warn(msg)
[0.795s] running develop
[0.953s] running egg_info
[0.963s] writing teleop_mecanum.egg-info/PKG-INFO
[0.963s] writing dependency_links to teleop_mecanum.egg-info/dependency_links.txt
[0.963s] writing entry points to teleop_mecanum.egg-info/entry_points.txt
[0.964s] writing requirements to teleop_mecanum.egg-info/requires.txt
[0.964s] writing top-level names to teleop_mecanum.egg-info/top_level.txt
[0.985s] reading manifest file 'teleop_mecanum.egg-info/SOURCES.txt'
[0.985s] writing manifest file 'teleop_mecanum.egg-info/SOURCES.txt'
[0.996s] running build_ext
[0.996s] Creating /home/eswarm/mecanum/src/install/teleop_mecanum/lib/python3.10/site-packages/teleop-mecanum.egg-link (link to .)
[0.997s] Installing teleop_dualshock script to /home/eswarm/mecanum/src/install/teleop_mecanum/lib/teleop_mecanum
[0.997s] Installing teleop_mecanum script to /home/eswarm/mecanum/src/install/teleop_mecanum/lib/teleop_mecanum
[0.997s] 
[0.997s] Installed /home/eswarm/mecanum/src/build/teleop_mecanum
[0.997s] running symlink_data
[1.018s] Invoked command in '/home/eswarm/mecanum/src/build/teleop_mecanum' returned '0': PYTHONPATH=/home/eswarm/mecanum/src/build/teleop_mecanum/prefix_override:/usr/lib/python3/dist-packages/colcon_core/task/python/colcon_distutils_commands:/home/eswarm/mecanum/src/install/teleop_mecanum/lib/python3.10/site-packages:${PYTHONPATH} /usr/bin/python3 -W ignore:setup.py install is deprecated -W ignore:easy_install command is deprecated setup.py develop --editable --build-directory /home/eswarm/mecanum/src/build/teleop_mecanum/build --no-deps symlink_data
