[2.568s] Invoking command in '/home/eswarm/mecanum/src/teleop_mecanum': PYTHONPATH=/home/eswarm/mecanum/build/teleop_mecanum/prefix_override:/usr/lib/python3/dist-packages/colcon_core/task/python/colcon_distutils_commands:/home/eswarm/mecanum/install/teleop_mecanum/lib/python3.10/site-packages:${PYTHONPATH} /usr/bin/python3 -W ignore:setup.py install is deprecated -W ignore:easy_install command is deprecated setup.py egg_info --egg-base ../../build/teleop_mecanum build --build-base /home/eswarm/mecanum/build/teleop_mecanum/build install --record /home/eswarm/mecanum/build/teleop_mecanum/install.log --single-version-externally-managed install_data
[2.995s] /home/eswarm/.local/lib/python3.10/site-packages/setuptools/_distutils/dist.py:289: UserWarning: Unknown distribution option: 'tests_require'
[2.995s]   warnings.warn(msg)
[3.325s] running egg_info
[3.396s] writing ../../build/teleop_mecanum/teleop_mecanum.egg-info/PKG-INFO
[3.397s] writing dependency_links to ../../build/teleop_mecanum/teleop_mecanum.egg-info/dependency_links.txt
[3.397s] writing entry points to ../../build/teleop_mecanum/teleop_mecanum.egg-info/entry_points.txt
[3.397s] writing requirements to ../../build/teleop_mecanum/teleop_mecanum.egg-info/requires.txt
[3.397s] writing top-level names to ../../build/teleop_mecanum/teleop_mecanum.egg-info/top_level.txt
[3.494s] reading manifest file '../../build/teleop_mecanum/teleop_mecanum.egg-info/SOURCES.txt'
[3.497s] writing manifest file '../../build/teleop_mecanum/teleop_mecanum.egg-info/SOURCES.txt'
[3.497s] running build
[3.497s] running build_py
[3.497s] copying teleop_mecanum/teleop_mecanum.py -> /home/eswarm/mecanum/build/teleop_mecanum/build/lib/teleop_mecanum
[3.498s] copying teleop_mecanum/__init__.py -> /home/eswarm/mecanum/build/teleop_mecanum/build/lib/teleop_mecanum
[3.498s] running install
[3.511s] running install_lib
[3.542s] copying /home/eswarm/mecanum/build/teleop_mecanum/build/lib/teleop_mecanum/teleop_mecanum.py -> /home/eswarm/mecanum/install/teleop_mecanum/lib/python3.10/site-packages/teleop_mecanum
[3.544s] byte-compiling /home/eswarm/mecanum/install/teleop_mecanum/lib/python3.10/site-packages/teleop_mecanum/teleop_mecanum.py to teleop_mecanum.cpython-310.pyc
[3.547s] running install_data
[3.548s] copying resource/teleop_mecanum -> /home/eswarm/mecanum/install/teleop_mecanum/share/ament_index/resource_index/packages
[3.549s] copying package.xml -> /home/eswarm/mecanum/install/teleop_mecanum/share/teleop_mecanum
[3.550s] running install_egg_info
[3.591s] removing '/home/eswarm/mecanum/install/teleop_mecanum/lib/python3.10/site-packages/teleop_mecanum-0.0.0-py3.10.egg-info' (and everything under it)
[3.592s] Copying ../../build/teleop_mecanum/teleop_mecanum.egg-info to /home/eswarm/mecanum/install/teleop_mecanum/lib/python3.10/site-packages/teleop_mecanum-0.0.0-py3.10.egg-info
[3.594s] running install_scripts
[4.224s] Installing teleop_mecanum script to /home/eswarm/mecanum/install/teleop_mecanum/lib/teleop_mecanum
[4.226s] writing list of installed files to '/home/eswarm/mecanum/build/teleop_mecanum/install.log'
[4.307s] Invoked command in '/home/eswarm/mecanum/src/teleop_mecanum' returned '0': PYTHONPATH=/home/eswarm/mecanum/build/teleop_mecanum/prefix_override:/usr/lib/python3/dist-packages/colcon_core/task/python/colcon_distutils_commands:/home/eswarm/mecanum/install/teleop_mecanum/lib/python3.10/site-packages:${PYTHONPATH} /usr/bin/python3 -W ignore:setup.py install is deprecated -W ignore:easy_install command is deprecated setup.py egg_info --egg-base ../../build/teleop_mecanum build --build-base /home/eswarm/mecanum/build/teleop_mecanum/build install --record /home/eswarm/mecanum/build/teleop_mecanum/install.log --single-version-externally-managed install_data
