[0.508s] Invoking command in '/home/eswarm/mecanum/src/build/teleop_mecanum': PYTHONPATH=/home/eswarm/mecanum/src/build/teleop_mecanum/prefix_override:/usr/lib/python3/dist-packages/colcon_core/task/python/colcon_distutils_commands:/home/eswarm/mecanum/src/install/teleop_mecanum/lib/python3.10/site-packages:${PYTHONPATH} /usr/bin/python3 -W ignore:setup.py install is deprecated -W ignore:easy_install command is deprecated setup.py develop --uninstall --editable --build-directory /home/eswarm/mecanum/src/build/teleop_mecanum/build
[0.619s] /home/eswarm/.local/lib/python3.10/site-packages/setuptools/_distutils/dist.py:289: UserWarning: Unknown distribution option: 'tests_require'
[0.619s]   warnings.warn(msg)
[0.724s] running develop
[0.880s] Removing /home/eswarm/mecanum/src/install/teleop_mecanum/lib/python3.10/site-packages/teleop-mecanum.egg-link (link to .)
[0.899s] Invoked command in '/home/eswarm/mecanum/src/build/teleop_mecanum' returned '0': PYTHONPATH=/home/eswarm/mecanum/src/build/teleop_mecanum/prefix_override:/usr/lib/python3/dist-packages/colcon_core/task/python/colcon_distutils_commands:/home/eswarm/mecanum/src/install/teleop_mecanum/lib/python3.10/site-packages:${PYTHONPATH} /usr/bin/python3 -W ignore:setup.py install is deprecated -W ignore:easy_install command is deprecated setup.py develop --uninstall --editable --build-directory /home/eswarm/mecanum/src/build/teleop_mecanum/build
[0.900s] Invoking command in '/home/eswarm/mecanum/src/teleop_mecanum': PYTHONPATH=/home/eswarm/mecanum/src/build/teleop_mecanum/prefix_override:/usr/lib/python3/dist-packages/colcon_core/task/python/colcon_distutils_commands:/home/eswarm/mecanum/src/install/teleop_mecanum/lib/python3.10/site-packages:${PYTHONPATH} /usr/bin/python3 -W ignore:setup.py install is deprecated -W ignore:easy_install command is deprecated setup.py egg_info --egg-base ../build/teleop_mecanum build --build-base /home/eswarm/mecanum/src/build/teleop_mecanum/build install --record /home/eswarm/mecanum/src/build/teleop_mecanum/install.log --single-version-externally-managed install_data --force
[1.011s] /home/eswarm/.local/lib/python3.10/site-packages/setuptools/_distutils/dist.py:289: UserWarning: Unknown distribution option: 'tests_require'
[1.011s]   warnings.warn(msg)
[1.073s] running egg_info
[1.083s] writing ../build/teleop_mecanum/teleop_mecanum.egg-info/PKG-INFO
[1.083s] writing dependency_links to ../build/teleop_mecanum/teleop_mecanum.egg-info/dependency_links.txt
[1.083s] writing entry points to ../build/teleop_mecanum/teleop_mecanum.egg-info/entry_points.txt
[1.083s] writing requirements to ../build/teleop_mecanum/teleop_mecanum.egg-info/requires.txt
[1.083s] writing top-level names to ../build/teleop_mecanum/teleop_mecanum.egg-info/top_level.txt
[1.104s] reading manifest file '../build/teleop_mecanum/teleop_mecanum.egg-info/SOURCES.txt'
[1.104s] writing manifest file '../build/teleop_mecanum/teleop_mecanum.egg-info/SOURCES.txt'
[1.104s] running build
[1.105s] running build_py
[1.105s] copying teleop_mecanum/teleop_mecanum.py -> /home/eswarm/mecanum/src/build/teleop_mecanum/build/lib/teleop_mecanum
[1.105s] copying teleop_mecanum/__init__.py -> /home/eswarm/mecanum/src/build/teleop_mecanum/build/lib/teleop_mecanum
[1.105s] copying teleop_mecanum/teleop_mecanum_all.py -> /home/eswarm/mecanum/src/build/teleop_mecanum/build/lib/teleop_mecanum
[1.105s] copying teleop_mecanum/dualshock_mecanum.py -> /home/eswarm/mecanum/src/build/teleop_mecanum/build/lib/teleop_mecanum
[1.105s] running install
[1.108s] running install_lib
[1.118s] creating /home/eswarm/mecanum/src/install/teleop_mecanum/lib/python3.10/site-packages/teleop_mecanum
[1.118s] copying /home/eswarm/mecanum/src/build/teleop_mecanum/build/lib/teleop_mecanum/teleop_mecanum.py -> /home/eswarm/mecanum/src/install/teleop_mecanum/lib/python3.10/site-packages/teleop_mecanum
[1.118s] copying /home/eswarm/mecanum/src/build/teleop_mecanum/build/lib/teleop_mecanum/__init__.py -> /home/eswarm/mecanum/src/install/teleop_mecanum/lib/python3.10/site-packages/teleop_mecanum
[1.118s] copying /home/eswarm/mecanum/src/build/teleop_mecanum/build/lib/teleop_mecanum/teleop_mecanum_all.py -> /home/eswarm/mecanum/src/install/teleop_mecanum/lib/python3.10/site-packages/teleop_mecanum
[1.118s] copying /home/eswarm/mecanum/src/build/teleop_mecanum/build/lib/teleop_mecanum/dualshock_mecanum.py -> /home/eswarm/mecanum/src/install/teleop_mecanum/lib/python3.10/site-packages/teleop_mecanum
[1.118s] byte-compiling /home/eswarm/mecanum/src/install/teleop_mecanum/lib/python3.10/site-packages/teleop_mecanum/teleop_mecanum.py to teleop_mecanum.cpython-310.pyc
[1.119s] byte-compiling /home/eswarm/mecanum/src/install/teleop_mecanum/lib/python3.10/site-packages/teleop_mecanum/__init__.py to __init__.cpython-310.pyc
[1.119s] byte-compiling /home/eswarm/mecanum/src/install/teleop_mecanum/lib/python3.10/site-packages/teleop_mecanum/teleop_mecanum_all.py to teleop_mecanum_all.cpython-310.pyc
[1.119s] byte-compiling /home/eswarm/mecanum/src/install/teleop_mecanum/lib/python3.10/site-packages/teleop_mecanum/dualshock_mecanum.py to dualshock_mecanum.cpython-310.pyc
[1.120s] running install_data
[1.120s] copying resource/teleop_mecanum -> /home/eswarm/mecanum/src/install/teleop_mecanum/share/ament_index/resource_index/packages
[1.120s] copying package.xml -> /home/eswarm/mecanum/src/install/teleop_mecanum/share/teleop_mecanum
[1.120s] running install_egg_info
[1.131s] Copying ../build/teleop_mecanum/teleop_mecanum.egg-info to /home/eswarm/mecanum/src/install/teleop_mecanum/lib/python3.10/site-packages/teleop_mecanum-0.0.0-py3.10.egg-info
[1.132s] running install_scripts
[1.221s] Installing teleop_dualshock script to /home/eswarm/mecanum/src/install/teleop_mecanum/lib/teleop_mecanum
[1.222s] Installing teleop_mecanum script to /home/eswarm/mecanum/src/install/teleop_mecanum/lib/teleop_mecanum
[1.222s] Installing teleop_mecanum_all script to /home/eswarm/mecanum/src/install/teleop_mecanum/lib/teleop_mecanum
[1.222s] writing list of installed files to '/home/eswarm/mecanum/src/build/teleop_mecanum/install.log'
[1.239s] Invoked command in '/home/eswarm/mecanum/src/teleop_mecanum' returned '0': PYTHONPATH=/home/eswarm/mecanum/src/build/teleop_mecanum/prefix_override:/usr/lib/python3/dist-packages/colcon_core/task/python/colcon_distutils_commands:/home/eswarm/mecanum/src/install/teleop_mecanum/lib/python3.10/site-packages:${PYTHONPATH} /usr/bin/python3 -W ignore:setup.py install is deprecated -W ignore:easy_install command is deprecated setup.py egg_info --egg-base ../build/teleop_mecanum build --build-base /home/eswarm/mecanum/src/build/teleop_mecanum/build install --record /home/eswarm/mecanum/src/build/teleop_mecanum/install.log --single-version-externally-managed install_data --force
