[0.073s] DEBUG:colcon:Command line arguments: ['/usr/bin/colcon', 'build', '--packages-select', 'controller']
[0.073s] DEBUG:colcon:Parsed command line arguments: Namespace(log_base=None, log_level=None, verb_name='build', build_base='build', install_base='install', merge_install=False, symlink_install=False, test_result_base=None, continue_on_error=False, executor='parallel', parallel_workers=12, event_handlers=None, ignore_user_meta=False, metas=['./colcon.meta'], base_paths=['.'], packages_ignore=None, packages_ignore_regex=None, paths=None, packages_up_to=None, packages_up_to_regex=None, packages_above=None, packages_above_and_dependencies=None, packages_above_depth=None, packages_select_by_dep=None, packages_skip_by_dep=None, packages_skip_up_to=None, packages_select_build_failed=False, packages_skip_build_finished=False, packages_select_test_failures=False, packages_skip_test_passed=False, packages_select=['controller'], packages_skip=None, packages_select_regex=None, packages_skip_regex=None, packages_start=None, packages_end=None, allow_overriding=[], cmake_args=None, cmake_target=None, cmake_target_skip_unavailable=False, cmake_clean_cache=False, cmake_clean_first=False, cmake_force_configure=False, ament_cmake_args=None, catkin_cmake_args=None, catkin_skip_building_tests=False, mixin_files=None, mixin=None, verb_parser=<colcon_mixin.mixin.mixin_argument.MixinArgumentDecorator object at 0x7e3ff4120760>, verb_extension=<colcon_core.verb.build.BuildVerb object at 0x7e3ff41202b0>, main=<bound method BuildVerb.main of <colcon_core.verb.build.BuildVerb object at 0x7e3ff41202b0>>, mixin_verb=('build',))
[0.098s] Level 1:colcon.colcon_core.package_discovery:discover_packages(colcon_meta) check parameters
[0.098s] Level 1:colcon.colcon_core.package_discovery:discover_packages(recursive) check parameters
[0.098s] Level 1:colcon.colcon_core.package_discovery:discover_packages(ignore) check parameters
[0.098s] Level 1:colcon.colcon_core.package_discovery:discover_packages(path) check parameters
[0.098s] Level 1:colcon.colcon_core.package_discovery:discover_packages(colcon_meta) discover
[0.098s] Level 1:colcon.colcon_core.package_discovery:discover_packages(recursive) discover
[0.098s] INFO:colcon.colcon_core.package_discovery:Crawling recursively for packages in '/home/eswarm/mecanum/src'
[0.098s] Level 1:colcon.colcon_core.package_identification:_identify(.) by extensions ['ignore', 'ignore_ament_install']
[0.098s] Level 1:colcon.colcon_core.package_identification:_identify(.) by extension 'ignore'
[0.098s] Level 1:colcon.colcon_core.package_identification:_identify(.) by extension 'ignore_ament_install'
[0.098s] Level 1:colcon.colcon_core.package_identification:_identify(.) by extensions ['colcon_pkg']
[0.098s] Level 1:colcon.colcon_core.package_identification:_identify(.) by extension 'colcon_pkg'
[0.098s] Level 1:colcon.colcon_core.package_identification:_identify(.) by extensions ['colcon_meta']
[0.098s] Level 1:colcon.colcon_core.package_identification:_identify(.) by extension 'colcon_meta'
[0.098s] Level 1:colcon.colcon_core.package_identification:_identify(.) by extensions ['ros']
[0.098s] Level 1:colcon.colcon_core.package_identification:_identify(.) by extension 'ros'
[0.107s] Level 1:colcon.colcon_core.package_identification:_identify(.) by extensions ['cmake', 'python']
[0.107s] Level 1:colcon.colcon_core.package_identification:_identify(.) by extension 'cmake'
[0.107s] Level 1:colcon.colcon_core.package_identification:_identify(.) by extension 'python'
[0.107s] Level 1:colcon.colcon_core.package_identification:_identify(.) by extensions ['python_setup_py']
[0.107s] Level 1:colcon.colcon_core.package_identification:_identify(.) by extension 'python_setup_py'
[0.107s] Level 1:colcon.colcon_core.package_identification:_identify(build) by extensions ['ignore', 'ignore_ament_install']
[0.107s] Level 1:colcon.colcon_core.package_identification:_identify(build) by extension 'ignore'
[0.107s] Level 1:colcon.colcon_core.package_identification:_identify(build) ignored
[0.107s] Level 1:colcon.colcon_core.package_identification:_identify(install) by extensions ['ignore', 'ignore_ament_install']
[0.108s] Level 1:colcon.colcon_core.package_identification:_identify(install) by extension 'ignore'
[0.108s] Level 1:colcon.colcon_core.package_identification:_identify(install) ignored
[0.108s] Level 1:colcon.colcon_core.package_identification:_identify(log) by extensions ['ignore', 'ignore_ament_install']
[0.108s] Level 1:colcon.colcon_core.package_identification:_identify(log) by extension 'ignore'
[0.108s] Level 1:colcon.colcon_core.package_identification:_identify(log) ignored
[0.108s] Level 1:colcon.colcon_core.package_identification:_identify(teleop_mecanum) by extensions ['ignore', 'ignore_ament_install']
[0.108s] Level 1:colcon.colcon_core.package_identification:_identify(teleop_mecanum) by extension 'ignore'
[0.108s] Level 1:colcon.colcon_core.package_identification:_identify(teleop_mecanum) by extension 'ignore_ament_install'
[0.108s] Level 1:colcon.colcon_core.package_identification:_identify(teleop_mecanum) by extensions ['colcon_pkg']
[0.108s] Level 1:colcon.colcon_core.package_identification:_identify(teleop_mecanum) by extension 'colcon_pkg'
[0.108s] Level 1:colcon.colcon_core.package_identification:_identify(teleop_mecanum) by extensions ['colcon_meta']
[0.108s] Level 1:colcon.colcon_core.package_identification:_identify(teleop_mecanum) by extension 'colcon_meta'
[0.108s] Level 1:colcon.colcon_core.package_identification:_identify(teleop_mecanum) by extensions ['ros']
[0.108s] Level 1:colcon.colcon_core.package_identification:_identify(teleop_mecanum) by extension 'ros'
[0.109s] DEBUG:colcon.colcon_core.package_identification:Package 'teleop_mecanum' with type 'ros.ament_python' and name 'teleop_mecanum'
[0.109s] Level 1:colcon.colcon_core.package_discovery:discover_packages(recursive) using defaults
[0.109s] Level 1:colcon.colcon_core.package_discovery:discover_packages(ignore) discover
[0.109s] Level 1:colcon.colcon_core.package_discovery:discover_packages(ignore) using defaults
[0.109s] Level 1:colcon.colcon_core.package_discovery:discover_packages(path) discover
[0.109s] Level 1:colcon.colcon_core.package_discovery:discover_packages(path) using defaults
[0.109s] WARNING:colcon.colcon_core.package_selection:ignoring unknown package 'controller' in --packages-select
[0.123s] INFO:colcon.colcon_core.package_selection:Skipping not selected package 'teleop_mecanum' in 'teleop_mecanum'
[0.123s] Level 1:colcon.colcon_core.package_discovery:discover_packages(prefix_path) check parameters
[0.123s] Level 1:colcon.colcon_core.package_discovery:discover_packages(prefix_path) discover
[0.125s] DEBUG:colcon.colcon_installed_package_information.package_discovery:Found 15 installed packages in /home/eswarm/crazyflie_mapping_demo/install
[0.125s] DEBUG:colcon.colcon_installed_package_information.package_discovery:Found 5 installed packages in /home/eswarm/ros2_ws/install
[0.126s] DEBUG:colcon.colcon_installed_package_information.package_discovery:Found 15 installed packages in /home/eswarm/crazyflie_mapping_demo/ros2_ws/install
[0.127s] DEBUG:colcon.colcon_installed_package_information.package_discovery:Found 15 installed packages in /home/eswarm/crazyflie_mapping_demo/ros2_ws/src/install
[0.127s] DEBUG:colcon.colcon_installed_package_information.package_discovery:Found 2 installed packages in /home/eswarm/install
[0.128s] DEBUG:colcon.colcon_installed_package_information.package_discovery:Found 476 installed packages in /opt/ros/humble
[0.130s] Level 1:colcon.colcon_core.package_discovery:discover_packages(prefix_path) using defaults
[0.180s] INFO:colcon.colcon_core.executor:Executing jobs using 'parallel' executor
[0.181s] DEBUG:colcon.colcon_parallel_executor.executor.parallel:run_until_complete
[0.181s] DEBUG:colcon.colcon_parallel_executor.executor.parallel:closing loop
[0.181s] DEBUG:colcon.colcon_parallel_executor.executor.parallel:loop closed
[0.181s] DEBUG:colcon.colcon_parallel_executor.executor.parallel:run_until_complete finished with '0'
[0.181s] DEBUG:colcon.colcon_core.event_reactor:joining thread
[0.185s] INFO:colcon.colcon_core.plugin_system:Skipping extension 'colcon_notification.desktop_notification.terminal_notifier': Not used on non-Darwin systems
[0.185s] INFO:colcon.colcon_core.plugin_system:Skipping extension 'colcon_notification.desktop_notification.win32': Not used on non-Windows systems
[0.185s] INFO:colcon.colcon_notification.desktop_notification:Sending desktop notification using 'notify2'
[0.196s] DEBUG:colcon.colcon_core.event_reactor:joined thread
[0.197s] INFO:colcon.colcon_core.plugin_system:Skipping extension 'colcon_core.shell.bat': Not used on non-Windows systems
[0.197s] INFO:colcon.colcon_core.shell:Creating prefix script '/home/eswarm/mecanum/src/install/local_setup.ps1'
[0.198s] INFO:colcon.colcon_core.shell:Creating prefix util module '/home/eswarm/mecanum/src/install/_local_setup_util_ps1.py'
[0.199s] INFO:colcon.colcon_core.shell:Creating prefix chain script '/home/eswarm/mecanum/src/install/setup.ps1'
[0.200s] INFO:colcon.colcon_core.shell:Creating prefix script '/home/eswarm/mecanum/src/install/local_setup.sh'
[0.200s] INFO:colcon.colcon_core.shell:Creating prefix util module '/home/eswarm/mecanum/src/install/_local_setup_util_sh.py'
[0.201s] INFO:colcon.colcon_core.shell:Creating prefix chain script '/home/eswarm/mecanum/src/install/setup.sh'
[0.202s] INFO:colcon.colcon_core.shell:Creating prefix script '/home/eswarm/mecanum/src/install/local_setup.bash'
[0.202s] INFO:colcon.colcon_core.shell:Creating prefix chain script '/home/eswarm/mecanum/src/install/setup.bash'
[0.203s] INFO:colcon.colcon_core.shell:Creating prefix script '/home/eswarm/mecanum/src/install/local_setup.zsh'
[0.204s] INFO:colcon.colcon_core.shell:Creating prefix chain script '/home/eswarm/mecanum/src/install/setup.zsh'
