running egg_info
writing ../build/teleop_mecanum/teleop_mecanum.egg-info/PKG-INFO
writing dependency_links to ../build/teleop_mecanum/teleop_mecanum.egg-info/dependency_links.txt
writing entry points to ../build/teleop_mecanum/teleop_mecanum.egg-info/entry_points.txt
writing requirements to ../build/teleop_mecanum/teleop_mecanum.egg-info/requires.txt
writing top-level names to ../build/teleop_mecanum/teleop_mecanum.egg-info/top_level.txt
reading manifest file '../build/teleop_mecanum/teleop_mecanum.egg-info/SOURCES.txt'
writing manifest file '../build/teleop_mecanum/teleop_mecanum.egg-info/SOURCES.txt'
running build
running build_py
copying teleop_mecanum/teleop_mecanum.py -> /home/eswarm/mecanum/src/build/teleop_mecanum/build/lib/teleop_mecanum
copying teleop_mecanum/__init__.py -> /home/eswarm/mecanum/src/build/teleop_mecanum/build/lib/teleop_mecanum
running install
running install_lib
running install_data
copying resource/teleop_mecanum -> /home/eswarm/mecanum/src/install/teleop_mecanum/share/ament_index/resource_index/packages
copying package.xml -> /home/eswarm/mecanum/src/install/teleop_mecanum/share/teleop_mecanum
running install_egg_info
removing '/home/eswarm/mecanum/src/install/teleop_mecanum/lib/python3.10/site-packages/teleop_mecanum-0.0.0-py3.10.egg-info' (and everything under it)
Copying ../build/teleop_mecanum/teleop_mecanum.egg-info to /home/eswarm/mecanum/src/install/teleop_mecanum/lib/python3.10/site-packages/teleop_mecanum-0.0.0-py3.10.egg-info
running install_scripts
Installing teleop_mecanum script to /home/eswarm/mecanum/src/install/teleop_mecanum/lib/teleop_mecanum
writing list of installed files to '/home/eswarm/mecanum/src/build/teleop_mecanum/install.log'
