[0.582s] Invoking command in '/home/eswarm/mecanum/src/build/teleop_mecanum': PYTHONPATH=/home/eswarm/mecanum/src/build/teleop_mecanum/prefix_override:/usr/lib/python3/dist-packages/colcon_core/task/python/colcon_distutils_commands:/home/eswarm/mecanum/src/install/teleop_mecanum/lib/python3.10/site-packages:${PYTHONPATH} /usr/bin/python3 -W ignore:setup.py install is deprecated -W ignore:easy_install command is deprecated setup.py develop --editable --build-directory /home/eswarm/mecanum/src/build/teleop_mecanum/build --no-deps symlink_data --force
[0.699s] /home/eswarm/.local/lib/python3.10/site-packages/setuptools/_distutils/dist.py:289: UserWarning: Unknown distribution option: 'tests_require'
[0.699s]   warnings.warn(msg)
[0.821s] running develop
[0.996s] running egg_info
[1.007s] writing teleop_mecanum.egg-info/PKG-INFO
[1.007s] writing dependency_links to teleop_mecanum.egg-info/dependency_links.txt
[1.007s] writing entry points to teleop_mecanum.egg-info/entry_points.txt
[1.007s] writing requirements to teleop_mecanum.egg-info/requires.txt
[1.007s] writing top-level names to teleop_mecanum.egg-info/top_level.txt
[1.030s] reading manifest file 'teleop_mecanum.egg-info/SOURCES.txt'
[1.030s] writing manifest file 'teleop_mecanum.egg-info/SOURCES.txt'
[1.042s] running build_ext
[1.042s] Creating /home/eswarm/mecanum/src/install/teleop_mecanum/lib/python3.10/site-packages/teleop-mecanum.egg-link (link to .)
[1.042s] Installing follower_mecanum script to /home/eswarm/mecanum/src/install/teleop_mecanum/lib/teleop_mecanum
[1.042s] Installing teleop_dualshock script to /home/eswarm/mecanum/src/install/teleop_mecanum/lib/teleop_mecanum
[1.042s] Installing teleop_mecanum script to /home/eswarm/mecanum/src/install/teleop_mecanum/lib/teleop_mecanum
[1.042s] Installing teleop_mecanum_all script to /home/eswarm/mecanum/src/install/teleop_mecanum/lib/teleop_mecanum
[1.042s] 
[1.043s] Installed /home/eswarm/mecanum/src/build/teleop_mecanum
[1.043s] running symlink_data
[1.043s] symbolically linking /home/eswarm/mecanum/src/build/teleop_mecanum/resource/teleop_mecanum -> /home/eswarm/mecanum/src/install/teleop_mecanum/share/ament_index/resource_index/packages
[1.043s] symbolically linking /home/eswarm/mecanum/src/build/teleop_mecanum/package.xml -> /home/eswarm/mecanum/src/install/teleop_mecanum/share/teleop_mecanum
[1.066s] Invoked command in '/home/eswarm/mecanum/src/build/teleop_mecanum' returned '0': PYTHONPATH=/home/eswarm/mecanum/src/build/teleop_mecanum/prefix_override:/usr/lib/python3/dist-packages/colcon_core/task/python/colcon_distutils_commands:/home/eswarm/mecanum/src/install/teleop_mecanum/lib/python3.10/site-packages:${PYTHONPATH} /usr/bin/python3 -W ignore:setup.py install is deprecated -W ignore:easy_install command is deprecated setup.py develop --editable --build-directory /home/eswarm/mecanum/src/build/teleop_mecanum/build --no-deps symlink_data --force
