[0.458s] DEBUG:colcon:Command line arguments: ['/usr/bin/colcon', 'build', '--symlink-install']
[0.458s] DEBUG:colcon:Parsed command line arguments: Namespace(log_base=None, log_level=None, verb_name='build', build_base='build', install_base='install', merge_install=False, symlink_install=True, test_result_base=None, continue_on_error=False, executor='parallel', parallel_workers=12, event_handlers=None, ignore_user_meta=False, metas=['./colcon.meta'], base_paths=['.'], packages_ignore=None, packages_ignore_regex=None, paths=None, packages_up_to=None, packages_up_to_regex=None, packages_above=None, packages_above_and_dependencies=None, packages_above_depth=None, packages_select_by_dep=None, packages_skip_by_dep=None, packages_skip_up_to=None, packages_select_build_failed=False, packages_skip_build_finished=False, packages_select_test_failures=False, packages_skip_test_passed=False, packages_select=None, packages_skip=None, packages_select_regex=None, packages_skip_regex=None, packages_start=None, packages_end=None, allow_overriding=[], cmake_args=None, cmake_target=None, cmake_target_skip_unavailable=False, cmake_clean_cache=False, cmake_clean_first=False, cmake_force_configure=False, ament_cmake_args=None, catkin_cmake_args=None, catkin_skip_building_tests=False, mixin_files=None, mixin=None, verb_parser=<colcon_mixin.mixin.mixin_argument.MixinArgumentDecorator object at 0x76ed390ea410>, verb_extension=<colcon_core.verb.build.BuildVerb object at 0x76ed390e9f60>, main=<bound method BuildVerb.main of <colcon_core.verb.build.BuildVerb object at 0x76ed390e9f60>>, mixin_verb=('build',))
[0.558s] Level 1:colcon.colcon_core.package_discovery:discover_packages(colcon_meta) check parameters
[0.558s] Level 1:colcon.colcon_core.package_discovery:discover_packages(recursive) check parameters
[0.558s] Level 1:colcon.colcon_core.package_discovery:discover_packages(ignore) check parameters
[0.558s] Level 1:colcon.colcon_core.package_discovery:discover_packages(path) check parameters
[0.559s] Level 1:colcon.colcon_core.package_discovery:discover_packages(colcon_meta) discover
[0.559s] Level 1:colcon.colcon_core.package_discovery:discover_packages(recursive) discover
[0.559s] INFO:colcon.colcon_core.package_discovery:Crawling recursively for packages in '/home/eswarm/mecanum/src'
[0.559s] Level 1:colcon.colcon_core.package_identification:_identify(.) by extensions ['ignore', 'ignore_ament_install']
[0.559s] Level 1:colcon.colcon_core.package_identification:_identify(.) by extension 'ignore'
[0.559s] Level 1:colcon.colcon_core.package_identification:_identify(.) by extension 'ignore_ament_install'
[0.559s] Level 1:colcon.colcon_core.package_identification:_identify(.) by extensions ['colcon_pkg']
[0.559s] Level 1:colcon.colcon_core.package_identification:_identify(.) by extension 'colcon_pkg'
[0.559s] Level 1:colcon.colcon_core.package_identification:_identify(.) by extensions ['colcon_meta']
[0.559s] Level 1:colcon.colcon_core.package_identification:_identify(.) by extension 'colcon_meta'
[0.559s] Level 1:colcon.colcon_core.package_identification:_identify(.) by extensions ['ros']
[0.559s] Level 1:colcon.colcon_core.package_identification:_identify(.) by extension 'ros'
[0.585s] Level 1:colcon.colcon_core.package_identification:_identify(.) by extensions ['cmake', 'python']
[0.585s] Level 1:colcon.colcon_core.package_identification:_identify(.) by extension 'cmake'
[0.585s] Level 1:colcon.colcon_core.package_identification:_identify(.) by extension 'python'
[0.585s] Level 1:colcon.colcon_core.package_identification:_identify(.) by extensions ['python_setup_py']
[0.585s] Level 1:colcon.colcon_core.package_identification:_identify(.) by extension 'python_setup_py'
[0.585s] Level 1:colcon.colcon_core.package_identification:_identify(build) by extensions ['ignore', 'ignore_ament_install']
[0.586s] Level 1:colcon.colcon_core.package_identification:_identify(build) by extension 'ignore'
[0.586s] Level 1:colcon.colcon_core.package_identification:_identify(build) ignored
[0.586s] Level 1:colcon.colcon_core.package_identification:_identify(install) by extensions ['ignore', 'ignore_ament_install']
[0.586s] Level 1:colcon.colcon_core.package_identification:_identify(install) by extension 'ignore'
[0.586s] Level 1:colcon.colcon_core.package_identification:_identify(install) ignored
[0.587s] Level 1:colcon.colcon_core.package_identification:_identify(log) by extensions ['ignore', 'ignore_ament_install']
[0.587s] Level 1:colcon.colcon_core.package_identification:_identify(log) by extension 'ignore'
[0.587s] Level 1:colcon.colcon_core.package_identification:_identify(log) ignored
[0.587s] Level 1:colcon.colcon_core.package_identification:_identify(teleop_mecanum) by extensions ['ignore', 'ignore_ament_install']
[0.587s] Level 1:colcon.colcon_core.package_identification:_identify(teleop_mecanum) by extension 'ignore'
[0.587s] Level 1:colcon.colcon_core.package_identification:_identify(teleop_mecanum) by extension 'ignore_ament_install'
[0.588s] Level 1:colcon.colcon_core.package_identification:_identify(teleop_mecanum) by extensions ['colcon_pkg']
[0.588s] Level 1:colcon.colcon_core.package_identification:_identify(teleop_mecanum) by extension 'colcon_pkg'
[0.588s] Level 1:colcon.colcon_core.package_identification:_identify(teleop_mecanum) by extensions ['colcon_meta']
[0.588s] Level 1:colcon.colcon_core.package_identification:_identify(teleop_mecanum) by extension 'colcon_meta'
[0.588s] Level 1:colcon.colcon_core.package_identification:_identify(teleop_mecanum) by extensions ['ros']
[0.588s] Level 1:colcon.colcon_core.package_identification:_identify(teleop_mecanum) by extension 'ros'
[0.596s] DEBUG:colcon.colcon_core.package_identification:Package 'teleop_mecanum' with type 'ros.ament_python' and name 'teleop_mecanum'
[0.596s] Level 1:colcon.colcon_core.package_discovery:discover_packages(recursive) using defaults
[0.596s] Level 1:colcon.colcon_core.package_discovery:discover_packages(ignore) discover
[0.596s] Level 1:colcon.colcon_core.package_discovery:discover_packages(ignore) using defaults
[0.597s] Level 1:colcon.colcon_core.package_discovery:discover_packages(path) discover
[0.597s] Level 1:colcon.colcon_core.package_discovery:discover_packages(path) using defaults
[0.650s] Level 1:colcon.colcon_core.package_discovery:discover_packages(prefix_path) check parameters
[0.650s] Level 1:colcon.colcon_core.package_discovery:discover_packages(prefix_path) discover
[0.654s] DEBUG:colcon.colcon_installed_package_information.package_discovery:Found 1 installed packages in /home/eswarm/mecanum/src/install
[0.654s] DEBUG:colcon.colcon_installed_package_information.package_discovery:Found 5 installed packages in /home/eswarm/ros2_ws/install
[0.655s] DEBUG:colcon.colcon_installed_package_information.package_discovery:Found 15 installed packages in /home/eswarm/crazyflie_mapping_demo/ros2_ws/install
[0.657s] DEBUG:colcon.colcon_installed_package_information.package_discovery:Found 15 installed packages in /home/eswarm/crazyflie_mapping_demo/ros2_ws/src/install
[0.659s] DEBUG:colcon.colcon_installed_package_information.package_discovery:Found 1 installed packages in /home/eswarm/install
[0.660s] DEBUG:colcon.colcon_installed_package_information.package_discovery:Found 1 installed packages in /home/eswarm/mecanum/install
[0.660s] DEBUG:colcon.colcon_installed_package_information.package_discovery:Found 1 installed packages in /home/eswarm/mecanum/src/teleop_mecanum/install
[0.663s] DEBUG:colcon.colcon_installed_package_information.package_discovery:Found 476 installed packages in /opt/ros/humble
[0.668s] Level 1:colcon.colcon_core.package_discovery:discover_packages(prefix_path) using defaults
[0.811s] Level 5:colcon.colcon_core.verb:set package 'teleop_mecanum' build argument 'cmake_args' from command line to 'None'
[0.811s] Level 5:colcon.colcon_core.verb:set package 'teleop_mecanum' build argument 'cmake_target' from command line to 'None'
[0.812s] Level 5:colcon.colcon_core.verb:set package 'teleop_mecanum' build argument 'cmake_target_skip_unavailable' from command line to 'False'
[0.812s] Level 5:colcon.colcon_core.verb:set package 'teleop_mecanum' build argument 'cmake_clean_cache' from command line to 'False'
[0.812s] Level 5:colcon.colcon_core.verb:set package 'teleop_mecanum' build argument 'cmake_clean_first' from command line to 'False'
[0.812s] Level 5:colcon.colcon_core.verb:set package 'teleop_mecanum' build argument 'cmake_force_configure' from command line to 'False'
[0.812s] Level 5:colcon.colcon_core.verb:set package 'teleop_mecanum' build argument 'ament_cmake_args' from command line to 'None'
[0.812s] Level 5:colcon.colcon_core.verb:set package 'teleop_mecanum' build argument 'catkin_cmake_args' from command line to 'None'
[0.812s] Level 5:colcon.colcon_core.verb:set package 'teleop_mecanum' build argument 'catkin_skip_building_tests' from command line to 'False'
[0.812s] DEBUG:colcon.colcon_core.verb:Building package 'teleop_mecanum' with the following arguments: {'ament_cmake_args': None, 'build_base': '/home/eswarm/mecanum/src/build/teleop_mecanum', 'catkin_cmake_args': None, 'catkin_skip_building_tests': False, 'cmake_args': None, 'cmake_clean_cache': False, 'cmake_clean_first': False, 'cmake_force_configure': False, 'cmake_target': None, 'cmake_target_skip_unavailable': False, 'install_base': '/home/eswarm/mecanum/src/install/teleop_mecanum', 'merge_install': False, 'path': '/home/eswarm/mecanum/src/teleop_mecanum', 'symlink_install': True, 'test_result_base': None}
[0.813s] INFO:colcon.colcon_core.executor:Executing jobs using 'parallel' executor
[0.815s] DEBUG:colcon.colcon_parallel_executor.executor.parallel:run_until_complete
[0.816s] INFO:colcon.colcon_ros.task.ament_python.build:Building ROS package in '/home/eswarm/mecanum/src/teleop_mecanum' with build type 'ament_python'
[0.817s] Level 1:colcon.colcon_core.shell:create_environment_hook('teleop_mecanum', 'ament_prefix_path')
[0.827s] INFO:colcon.colcon_core.plugin_system:Skipping extension 'colcon_core.shell.bat': Not used on non-Windows systems
[0.827s] INFO:colcon.colcon_core.shell:Creating environment hook '/home/eswarm/mecanum/src/install/teleop_mecanum/share/teleop_mecanum/hook/ament_prefix_path.ps1'
[0.829s] INFO:colcon.colcon_core.shell:Creating environment descriptor '/home/eswarm/mecanum/src/install/teleop_mecanum/share/teleop_mecanum/hook/ament_prefix_path.dsv'
[0.830s] INFO:colcon.colcon_core.shell:Creating environment hook '/home/eswarm/mecanum/src/install/teleop_mecanum/share/teleop_mecanum/hook/ament_prefix_path.sh'
[0.831s] INFO:colcon.colcon_core.shell:Skip shell extension 'powershell' for command environment: Not usable outside of PowerShell
[0.831s] DEBUG:colcon.colcon_core.shell:Skip shell extension 'dsv' for command environment
[1.708s] INFO:colcon.colcon_core.task.python.build:Building Python package in '/home/eswarm/mecanum/src/teleop_mecanum'
[1.709s] INFO:colcon.colcon_core.shell:Skip shell extension 'powershell' for command environment: Not usable outside of PowerShell
[1.709s] DEBUG:colcon.colcon_core.shell:Skip shell extension 'dsv' for command environment
[3.586s] DEBUG:colcon.colcon_core.event_handler.log_command:Invoking command in '/home/eswarm/mecanum/src/build/teleop_mecanum': PYTHONPATH=/home/eswarm/mecanum/src/build/teleop_mecanum/prefix_override:/usr/lib/python3/dist-packages/colcon_core/task/python/colcon_distutils_commands:/home/eswarm/mecanum/src/install/teleop_mecanum/lib/python3.10/site-packages:${PYTHONPATH} /usr/bin/python3 -W ignore:setup.py install is deprecated -W ignore:easy_install command is deprecated setup.py develop --editable --build-directory /home/eswarm/mecanum/src/build/teleop_mecanum/build --no-deps symlink_data
[5.867s] Level 1:colcon.colcon_core.shell:create_environment_hook('teleop_mecanum', 'pythonpath_develop')
[5.868s] INFO:colcon.colcon_core.shell:Creating environment hook '/home/eswarm/mecanum/src/build/teleop_mecanum/share/teleop_mecanum/hook/pythonpath_develop.ps1'
[5.870s] DEBUG:colcon.colcon_core.event_handler.log_command:Invoked command in '/home/eswarm/mecanum/src/build/teleop_mecanum' returned '0': PYTHONPATH=/home/eswarm/mecanum/src/build/teleop_mecanum/prefix_override:/usr/lib/python3/dist-packages/colcon_core/task/python/colcon_distutils_commands:/home/eswarm/mecanum/src/install/teleop_mecanum/lib/python3.10/site-packages:${PYTHONPATH} /usr/bin/python3 -W ignore:setup.py install is deprecated -W ignore:easy_install command is deprecated setup.py develop --editable --build-directory /home/eswarm/mecanum/src/build/teleop_mecanum/build --no-deps symlink_data
[5.872s] INFO:colcon.colcon_core.shell:Creating environment descriptor '/home/eswarm/mecanum/src/build/teleop_mecanum/share/teleop_mecanum/hook/pythonpath_develop.dsv'
[5.874s] INFO:colcon.colcon_core.shell:Creating environment hook '/home/eswarm/mecanum/src/build/teleop_mecanum/share/teleop_mecanum/hook/pythonpath_develop.sh'
[5.888s] Level 1:colcon.colcon_core.environment:checking '/home/eswarm/mecanum/src/install/teleop_mecanum' for CMake module files
[5.890s] Level 1:colcon.colcon_core.environment:checking '/home/eswarm/mecanum/src/install/teleop_mecanum' for CMake config files
[5.892s] Level 1:colcon.colcon_core.environment:checking '/home/eswarm/mecanum/src/install/teleop_mecanum/lib'
[5.893s] Level 1:colcon.colcon_core.environment:checking '/home/eswarm/mecanum/src/install/teleop_mecanum/bin'
[5.893s] Level 1:colcon.colcon_core.environment:checking '/home/eswarm/mecanum/src/install/teleop_mecanum/lib/pkgconfig/teleop_mecanum.pc'
[5.894s] Level 1:colcon.colcon_core.environment:checking '/home/eswarm/mecanum/src/install/teleop_mecanum/lib/python3.10/site-packages'
[5.894s] Level 1:colcon.colcon_core.shell:create_environment_hook('teleop_mecanum', 'pythonpath')
[5.894s] INFO:colcon.colcon_core.shell:Creating environment hook '/home/eswarm/mecanum/src/install/teleop_mecanum/share/teleop_mecanum/hook/pythonpath.ps1'
[5.895s] INFO:colcon.colcon_core.shell:Creating environment descriptor '/home/eswarm/mecanum/src/install/teleop_mecanum/share/teleop_mecanum/hook/pythonpath.dsv'
[5.896s] INFO:colcon.colcon_core.shell:Creating environment hook '/home/eswarm/mecanum/src/install/teleop_mecanum/share/teleop_mecanum/hook/pythonpath.sh'
[5.896s] Level 1:colcon.colcon_core.environment:checking '/home/eswarm/mecanum/src/install/teleop_mecanum/bin'
[5.897s] Level 1:colcon.colcon_core.environment:create_environment_scripts_only(teleop_mecanum)
[5.897s] INFO:colcon.colcon_core.shell:Creating package script '/home/eswarm/mecanum/src/install/teleop_mecanum/share/teleop_mecanum/package.ps1'
[5.900s] INFO:colcon.colcon_core.shell:Creating package descriptor '/home/eswarm/mecanum/src/install/teleop_mecanum/share/teleop_mecanum/package.dsv'
[5.903s] INFO:colcon.colcon_core.shell:Creating package script '/home/eswarm/mecanum/src/install/teleop_mecanum/share/teleop_mecanum/package.sh'
[5.905s] INFO:colcon.colcon_core.shell:Creating package script '/home/eswarm/mecanum/src/install/teleop_mecanum/share/teleop_mecanum/package.bash'
[5.909s] INFO:colcon.colcon_core.shell:Creating package script '/home/eswarm/mecanum/src/install/teleop_mecanum/share/teleop_mecanum/package.zsh'
[5.912s] Level 1:colcon.colcon_core.environment:create_file_with_runtime_dependencies(/home/eswarm/mecanum/src/install/teleop_mecanum/share/colcon-core/packages/teleop_mecanum)
[5.914s] DEBUG:colcon.colcon_parallel_executor.executor.parallel:closing loop
[5.917s] DEBUG:colcon.colcon_parallel_executor.executor.parallel:loop closed
[5.918s] DEBUG:colcon.colcon_parallel_executor.executor.parallel:run_until_complete finished with '0'
[5.919s] DEBUG:colcon.colcon_core.event_reactor:joining thread
[5.941s] INFO:colcon.colcon_core.plugin_system:Skipping extension 'colcon_notification.desktop_notification.terminal_notifier': Not used on non-Darwin systems
[5.941s] INFO:colcon.colcon_core.plugin_system:Skipping extension 'colcon_notification.desktop_notification.win32': Not used on non-Windows systems
[5.942s] INFO:colcon.colcon_notification.desktop_notification:Sending desktop notification using 'notify2'
[5.979s] DEBUG:colcon.colcon_core.event_reactor:joined thread
[5.980s] INFO:colcon.colcon_core.shell:Creating prefix script '/home/eswarm/mecanum/src/install/local_setup.ps1'
[5.981s] INFO:colcon.colcon_core.shell:Creating prefix util module '/home/eswarm/mecanum/src/install/_local_setup_util_ps1.py'
[5.984s] INFO:colcon.colcon_core.shell:Creating prefix chain script '/home/eswarm/mecanum/src/install/setup.ps1'
[5.987s] INFO:colcon.colcon_core.shell:Creating prefix script '/home/eswarm/mecanum/src/install/local_setup.sh'
[5.988s] INFO:colcon.colcon_core.shell:Creating prefix util module '/home/eswarm/mecanum/src/install/_local_setup_util_sh.py'
[5.990s] INFO:colcon.colcon_core.shell:Creating prefix chain script '/home/eswarm/mecanum/src/install/setup.sh'
[5.995s] INFO:colcon.colcon_core.shell:Creating prefix script '/home/eswarm/mecanum/src/install/local_setup.bash'
[5.996s] INFO:colcon.colcon_core.shell:Creating prefix chain script '/home/eswarm/mecanum/src/install/setup.bash'
[5.999s] INFO:colcon.colcon_core.shell:Creating prefix script '/home/eswarm/mecanum/src/install/local_setup.zsh'
[6.000s] INFO:colcon.colcon_core.shell:Creating prefix chain script '/home/eswarm/mecanum/src/install/setup.zsh'
