[2.489s] Invoking command in '/home/eswarm/mecanum/src/teleop_mecanum': PYTHONPATH=/home/eswarm/mecanum/build/teleop_mecanum/prefix_override:/usr/lib/python3/dist-packages/colcon_core/task/python/colcon_distutils_commands:/home/eswarm/mecanum/install/teleop_mecanum/lib/python3.10/site-packages:${PYTHONPATH} /usr/bin/python3 -W ignore:setup.py install is deprecated -W ignore:easy_install command is deprecated setup.py egg_info --egg-base ../../build/teleop_mecanum build --build-base /home/eswarm/mecanum/build/teleop_mecanum/build install --record /home/eswarm/mecanum/build/teleop_mecanum/install.log --single-version-externally-managed install_data
[3.101s] /home/eswarm/.local/lib/python3.10/site-packages/setuptools/_distutils/dist.py:289: UserWarning: Unknown distribution option: 'tests_require'
[3.101s]   warnings.warn(msg)
[3.347s] running egg_info
[3.391s] writing ../../build/teleop_mecanum/teleop_mecanum.egg-info/PKG-INFO
[3.392s] writing dependency_links to ../../build/teleop_mecanum/teleop_mecanum.egg-info/dependency_links.txt
[3.393s] writing entry points to ../../build/teleop_mecanum/teleop_mecanum.egg-info/entry_points.txt
[3.394s] writing requirements to ../../build/teleop_mecanum/teleop_mecanum.egg-info/requires.txt
[3.394s] writing top-level names to ../../build/teleop_mecanum/teleop_mecanum.egg-info/top_level.txt
[3.534s] reading manifest file '../../build/teleop_mecanum/teleop_mecanum.egg-info/SOURCES.txt'
[3.541s] writing manifest file '../../build/teleop_mecanum/teleop_mecanum.egg-info/SOURCES.txt'
[3.542s] running build
[3.542s] running build_py
[3.543s] copying teleop_mecanum/teleop_mecanum.py -> /home/eswarm/mecanum/build/teleop_mecanum/build/lib/teleop_mecanum
[3.544s] copying teleop_mecanum/__init__.py -> /home/eswarm/mecanum/build/teleop_mecanum/build/lib/teleop_mecanum
[3.545s] running install
[3.561s] running install_lib
[3.655s] running install_data
[3.656s] copying resource/teleop_mecanum -> /home/eswarm/mecanum/install/teleop_mecanum/share/ament_index/resource_index/packages
[3.657s] copying package.xml -> /home/eswarm/mecanum/install/teleop_mecanum/share/teleop_mecanum
[3.658s] running install_egg_info
[3.756s] removing '/home/eswarm/mecanum/install/teleop_mecanum/lib/python3.10/site-packages/teleop_mecanum-0.0.0-py3.10.egg-info' (and everything under it)
[3.757s] Copying ../../build/teleop_mecanum/teleop_mecanum.egg-info to /home/eswarm/mecanum/install/teleop_mecanum/lib/python3.10/site-packages/teleop_mecanum-0.0.0-py3.10.egg-info
[3.761s] running install_scripts
[4.347s] Installing teleop_mecanum script to /home/eswarm/mecanum/install/teleop_mecanum/lib/teleop_mecanum
[4.348s] writing list of installed files to '/home/eswarm/mecanum/build/teleop_mecanum/install.log'
[4.440s] Invoked command in '/home/eswarm/mecanum/src/teleop_mecanum' returned '0': PYTHONPATH=/home/eswarm/mecanum/build/teleop_mecanum/prefix_override:/usr/lib/python3/dist-packages/colcon_core/task/python/colcon_distutils_commands:/home/eswarm/mecanum/install/teleop_mecanum/lib/python3.10/site-packages:${PYTHONPATH} /usr/bin/python3 -W ignore:setup.py install is deprecated -W ignore:easy_install command is deprecated setup.py egg_info --egg-base ../../build/teleop_mecanum build --build-base /home/eswarm/mecanum/build/teleop_mecanum/build install --record /home/eswarm/mecanum/build/teleop_mecanum/install.log --single-version-externally-managed install_data
